0 info it worked if it ends with ok
1 verbose cli [ '/usr/local/bin/node', '/usr/local/bin/npm', 'start' ]
2 info using npm@3.6.0
3 info using node@v5.6.0
4 verbose run-script [ 'prestart', 'start', 'poststart' ]
5 info lifecycle @mmorrissey/bot-starter-kit@0.0.1~prestart: @mmorrissey/bot-starter-kit@0.0.1
6 verbose lifecycle @mmorrissey/bot-starter-kit@0.0.1~prestart: unsafe-perm in lifecycle true
7 verbose lifecycle @mmorrissey/bot-starter-kit@0.0.1~prestart: PATH: /usr/local/lib/node_modules/npm/bin/node-gyp-bin:/Users/Morrissey/code/bot-starter-kit/node_modules/.bin:/Users/Morrissey/google-cloud-sdk/bin:/Users/Morrissey/.rbenv/shims:/Users/Morrissey/.rbenv/bin:/Users/Morrissey/.rbenv/shims:/usr/local/bin:/Users/Morrissey/.bin:.git/safe/../../bin:/Users/Morrissey/.bin:/usr/local/sbin:/usr/bin:/bin:/usr/sbin:/sbin:/usr/local/lib/node_modules:/Users/Morrissey/chromedriver
8 verbose lifecycle @mmorrissey/bot-starter-kit@0.0.1~prestart: CWD: /Users/Morrissey/code/bot-starter-kit
9 silly lifecycle @mmorrissey/bot-starter-kit@0.0.1~prestart: Args: [ '-c', 'babel bot -d dist' ]
10 silly lifecycle @mmorrissey/bot-starter-kit@0.0.1~prestart: Returned: code: 0  signal: null
11 info lifecycle @mmorrissey/bot-starter-kit@0.0.1~start: @mmorrissey/bot-starter-kit@0.0.1
12 verbose lifecycle @mmorrissey/bot-starter-kit@0.0.1~start: unsafe-perm in lifecycle true
13 verbose lifecycle @mmorrissey/bot-starter-kit@0.0.1~start: PATH: /usr/local/lib/node_modules/npm/bin/node-gyp-bin:/Users/Morrissey/code/bot-starter-kit/node_modules/.bin:/Users/Morrissey/google-cloud-sdk/bin:/Users/Morrissey/.rbenv/shims:/Users/Morrissey/.rbenv/bin:/Users/Morrissey/.rbenv/shims:/usr/local/bin:/Users/Morrissey/.bin:.git/safe/../../bin:/Users/Morrissey/.bin:/usr/local/sbin:/usr/bin:/bin:/usr/sbin:/sbin:/usr/local/lib/node_modules:/Users/Morrissey/chromedriver
14 verbose lifecycle @mmorrissey/bot-starter-kit@0.0.1~start: CWD: /Users/Morrissey/code/bot-starter-kit
15 silly lifecycle @mmorrissey/bot-starter-kit@0.0.1~start: Args: [ '-c', 'node dist/index.js' ]
16 silly lifecycle @mmorrissey/bot-starter-kit@0.0.1~start: Returned: code: 1  signal: null
17 info lifecycle @mmorrissey/bot-starter-kit@0.0.1~start: Failed to exec start script
18 verbose stack Error: @mmorrissey/bot-starter-kit@0.0.1 start: `node dist/index.js`
18 verbose stack Exit status 1
18 verbose stack     at EventEmitter.<anonymous> (/usr/local/lib/node_modules/npm/lib/utils/lifecycle.js:232:16)
18 verbose stack     at emitTwo (events.js:100:13)
18 verbose stack     at EventEmitter.emit (events.js:185:7)
18 verbose stack     at ChildProcess.<anonymous> (/usr/local/lib/node_modules/npm/lib/utils/spawn.js:24:14)
18 verbose stack     at emitTwo (events.js:100:13)
18 verbose stack     at ChildProcess.emit (events.js:185:7)
18 verbose stack     at maybeClose (internal/child_process.js:827:16)
18 verbose stack     at Process.ChildProcess._handle.onexit (internal/child_process.js:211:5)
19 verbose pkgid @mmorrissey/bot-starter-kit@0.0.1
20 verbose cwd /Users/Morrissey/code/bot-starter-kit
21 error Darwin 15.0.0
22 error argv "/usr/local/bin/node" "/usr/local/bin/npm" "start"
23 error node v5.6.0
24 error npm  v3.6.0
25 error code ELIFECYCLE
26 error @mmorrissey/bot-starter-kit@0.0.1 start: `node dist/index.js`
26 error Exit status 1
27 error Failed at the @mmorrissey/bot-starter-kit@0.0.1 start script 'node dist/index.js'.
27 error Make sure you have the latest version of node.js and npm installed.
27 error If you do, this is most likely a problem with the @mmorrissey/bot-starter-kit package,
27 error not with npm itself.
27 error Tell the author that this fails on your system:
27 error     node dist/index.js
27 error You can get information on how to open an issue for this project with:
27 error     npm bugs @mmorrissey/bot-starter-kit
27 error Or if that isn't available, you can get their info via:
27 error     npm owner ls @mmorrissey/bot-starter-kit
27 error There is likely additional logging output above.
28 verbose exit [ 1, true ]
